#
# There is insufficient memory for the Java Runtime Environment to continue.
# Native memory allocation (malloc) failed to allocate 1048576 bytes for AllocateHeap
# Possible reasons:
#   The system is out of physical RAM or swap space
#   In 32 bit mode, the process size limit was hit
# Possible solutions:
#   Reduce memory load on the system
#   Increase physical memory or swap space
#   Check if swap backing store is full
#   Use 64 bit Java on a 64 bit OS
#   Decrease Java heap size (-Xmx/-Xms)
#   Decrease number of Java threads
#   Decrease Java thread stack sizes (-Xss)
#   Set larger code cache with -XX:ReservedCodeCacheSize=
# This output file may be truncated or incomplete.
#
#  Out of Memory Error (memory/allocation.inline.hpp:61), pid=19920, tid=21360
#
# JRE version:  (8.0_45-b15) (build )
# Java VM: Java HotSpot(TM) 64-Bit Server VM (25.45-b02 mixed mode windows-amd64 compressed oops)
# Failed to write core dump. Minidumps are not enabled by default on client versions of Windows
#

---------------  T H R E A D  ---------------

Current thread (0x00000000011ee800):  JavaThread "Unknown thread" [_thread_in_vm, id=21360, stack(0x0000000002950000,0x0000000002a50000)]

Stack: [0x0000000002950000,0x0000000002a50000]
[error occurred during error reporting (printing stack bounds), id 0xc0000005]

Native frames: (J=compiled Java code, j=interpreted, Vv=VM code, C=native code)
V  [jvm.dll+0x32b57a]
V  [jvm.dll+0x279873]
V  [jvm.dll+0x27a509]
V  [jvm.dll+0x29aa24]
C  [KERNELBASE.dll+0x702ce]
C  [ntdll.dll+0x98992]
C  [ntdll.dll+0x83f66]
C  [ntdll.dll+0x9633d]
C  [ntdll.dll+0x13c00]
C  [ntdll.dll+0x9544a]
V  [jvm.dll+0x21bcd1]


---------------  P R O C E S S  ---------------

Java Threads: ( => current thread )

Other Threads:

=>0x00000000011ee800 (exited) JavaThread "Unknown thread" [_thread_in_vm, id=21360, stack(0x0000000002950000,0x0000000002a50000)]

VM state:not at safepoint (normal execution)

VM Mutex/Monitor currently owned by a thread: None

Heap:
 PSYoungGen      total 38400K, used 665K [0x00000000d5f80000, 0x00000000d8a00000, 0x0000000100000000)
  eden space 33280K, 2% used [0x00000000d5f80000,0x00000000d6026670,0x00000000d8000000)
  from space 5120K, 0% used [0x00000000d8500000,0x00000000d8500000,0x00000000d8a00000)
  to   space 5120K, 0% used [0x00000000d8000000,0x00000000d8000000,0x00000000d8500000)
 ParOldGen       total 87552K, used 0K [0x0000000081e00000, 0x0000000087380000, 0x00000000d5f80000)
  object space 87552K, 0% used [0x0000000081e00000,0x0000000081e00000,0x0000000087380000)
 Metaspace       used 753K, capacity 4480K, committed 4480K, reserved 1056768K
  class space    used 75K, capacity 384K, committed 384K, reserved 1048576K

Card table byte_map: [0x0000000011f10000,0x0000000012310000] byte_map_base: 0x0000000011b01000

Marking Bits: (ParMarkBitMap*) 0x0000000063174040
 Begin Bits: [0x0000000012dc0000, 0x0000000014d48000)
 End Bits:   [0x0000000014d48000, 0x0000000016cd0000)

Polling page: 0x0000000001170000

CodeCache: size=245760Kb used=328Kb max_used=328Kb free=245431Kb
 bounds [0x0000000002b50000, 0x0000000002dc0000, 0x0000000011b50000]
 total_blobs=57 nmethods=0 adapters=37
 compilation: enabled

Compilation events (0 events):
No events

GC Heap History (0 events):
No events

Deoptimization events (0 events):
No events

Internal exceptions (0 events):
No events

Events (10 events):
Event: 0.019 loading class java/lang/Short
Event: 0.019 loading class java/lang/Short done
Event: 0.019 loading class java/lang/Integer
Event: 0.019 loading class java/lang/Integer done
Event: 0.019 loading class java/lang/Long
Event: 0.020 loading class java/lang/Long done
Event: 0.020 loading class java/lang/NullPointerException
Event: 0.020 loading class java/lang/NullPointerException done
Event: 0.020 loading class java/lang/ArithmeticException
Event: 0.020 loading class java/lang/ArithmeticException done


Dynamic libraries:
0x00007ff699a50000 - 0x00007ff699a87000 	C:\Program Files\Java\jre1.8.0_45\bin\javaw.exe
0x00007ff861a30000 - 0x00007ff861bf1000 	C:\WINDOWS\SYSTEM32\ntdll.dll
0x00007ff861770000 - 0x00007ff86181d000 	C:\WINDOWS\system32\KERNEL32.DLL
0x00007ff85eed0000 - 0x00007ff85f0ad000 	C:\WINDOWS\system32\KERNELBASE.dll
0x00007ff8616c0000 - 0x00007ff861766000 	C:\WINDOWS\system32\ADVAPI32.dll
0x00007ff85f3c0000 - 0x00007ff85f45d000 	C:\WINDOWS\system32\msvcrt.dll
0x00007ff85f160000 - 0x00007ff85f1bb000 	C:\WINDOWS\system32\sechost.dll
0x00007ff861900000 - 0x00007ff861a26000 	C:\WINDOWS\system32\RPCRT4.dll
0x00007ff861190000 - 0x00007ff8612de000 	C:\WINDOWS\system32\USER32.dll
0x00007ff85f570000 - 0x00007ff85f6f6000 	C:\WINDOWS\system32\GDI32.dll
0x00007ff859f60000 - 0x00007ff85a1d4000 	C:\WINDOWS\WinSxS\amd64_microsoft.windows.common-controls_6595b64144ccf1df_6.0.10240.16384_none_f41f7b285750ef43\COMCTL32.dll
0x00007ff85f520000 - 0x00007ff85f556000 	C:\WINDOWS\system32\IMM32.DLL
0x00007ff8612e0000 - 0x00007ff86143c000 	C:\WINDOWS\system32\MSCTF.dll
0x0000000064680000 - 0x0000000064752000 	C:\Program Files\Java\jre1.8.0_45\bin\msvcr100.dll
0x0000000062970000 - 0x00000000631f3000 	C:\Program Files\Java\jre1.8.0_45\bin\server\jvm.dll
0x00007ff8618f0000 - 0x00007ff8618f8000 	C:\WINDOWS\system32\PSAPI.DLL
0x00007ff8520b0000 - 0x00007ff8520b9000 	C:\WINDOWS\SYSTEM32\WSOCK32.dll
0x00007ff85c610000 - 0x00007ff85c633000 	C:\WINDOWS\SYSTEM32\WINMM.dll
0x00007ff85bf30000 - 0x00007ff85bf3a000 	C:\WINDOWS\SYSTEM32\VERSION.dll
0x00007ff860f50000 - 0x00007ff860fb9000 	C:\WINDOWS\system32\WS2_32.dll
0x00007ff860f40000 - 0x00007ff860f48000 	C:\WINDOWS\system32\NSI.dll
0x00007ff85a5f0000 - 0x00007ff85a61c000 	C:\WINDOWS\SYSTEM32\WINMMBASE.dll
0x00007ff85f0b0000 - 0x00007ff85f0f4000 	C:\WINDOWS\system32\cfgmgr32.dll
0x00007ff85cdd0000 - 0x00007ff85cdf7000 	C:\WINDOWS\SYSTEM32\DEVOBJ.dll
0x0000000064cf0000 - 0x0000000064cff000 	C:\Program Files\Java\jre1.8.0_45\bin\verify.dll
0x0000000064cc0000 - 0x0000000064ce9000 	C:\Program Files\Java\jre1.8.0_45\bin\java.dll
0x0000000064be0000 - 0x0000000064c15000 	C:\Program Files\Java\jre1.8.0_45\bin\jdwp.dll
0x0000000064bd0000 - 0x0000000064bd8000 	C:\Program Files\Java\jre1.8.0_45\bin\npt.dll
0x0000000064ca0000 - 0x0000000064cb6000 	C:\Program Files\Java\jre1.8.0_45\bin\zip.dll
0x00007ff83f0e0000 - 0x00007ff83f26a000 	C:\WINDOWS\SYSTEM32\dbghelp.dll

VM Arguments:
jvm_args: -agentlib:jdwp=transport=dt_socket,suspend=y,address=localhost:63420 -Dfile.encoding=UTF-8 
java_command: Main
java_class_path (initial): D:\Desenvolvimento\Java\workspace\SIRP_Lagrangian_GUROBI\bin;D:\Desenvolvimento\gurobi605\win64\lib\gurobi.jar
Launcher Type: SUN_STANDARD

Environment Variables:
PATH=C:/Program Files/Java/jre1.8.0_45/bin/server;C:/Program Files/Java/jre1.8.0_45/bin;C:/Program Files/Java/jre1.8.0_45/lib/amd64;D:\Desenvolvimento\gurobi605\win64\bin;C:\ProgramData\Oracle\Java\javapath;C:\Program Files (x86)\Intel\iCLS Client\;C:\Program Files\Intel\iCLS Client\;C:\WINDOWS\system32;C:\WINDOWS;C:\WINDOWS\System32\Wbem;C:\WINDOWS\System32\WindowsPowerShell\v1.0\;C:\Program Files (x86)\Intel\OpenCL SDK\2.0\bin\x86;C:\Program Files (x86)\Intel\OpenCL SDK\2.0\bin\x64;C:\Program Files\Intel\Intel(R) Management Engine Components\DAL;C:\Program Files\Intel\Intel(R) Management Engine Components\IPT;C:\Program Files (x86)\Intel\Intel(R) Management Engine Components\DAL;C:\Program Files (x86)\Intel\Intel(R) Management Engine Components\IPT;C:\Program Files\MATLAB\R2013a\runtime\win64;C:\Program Files\MATLAB\R2013a\bin;C:\Program Files (x86)\Microsoft SQL Server\100\Tools\Binn\VSShell\Common7\IDE\;C:\Program Files (x86)\Microsoft SQL Server\100\Tools\Binn\;C:\Program Files\Microsoft SQL Server\100\Tools\Binn\;C:\Program Files (x86)\Microsoft SQL Server\100\DTS\Binn\;C:\Program Files\Microsoft SQL Server\100\DTS\Binn\;C:\Program Files (x86)\NVIDIA Corporation\PhysX\Common;C:\Program Files (x86)\Skype\Phone\;%SystemRoot%\system32;%SystemRoot%;%SystemRoot%\System32\Wbem;%SYSTEMROOT%\System32\WindowsPowerShell\v1.0\;D:\Desenvolvimento\Java\eclipse;
USERNAME=Krespo
OS=Windows_NT
PROCESSOR_IDENTIFIER=Intel64 Family 6 Model 58 Stepping 9, GenuineIntel



---------------  S Y S T E M  ---------------

OS: Windows 10.0 , 64 bit Build 10240 (10.0.10240.16384)

CPU:total 8 (4 cores per cpu, 2 threads per core) family 6 model 58 stepping 9, cmov, cx8, fxsr, mmx, sse, sse2, sse3, ssse3, sse4.1, sse4.2, popcnt, avx, aes, clmul, erms, ht, tsc, tscinvbit, tscinv

Memory: 4k page, physical 8263200k(3268752k free), swap 12542568k(1346388k free)

vm_info: Java HotSpot(TM) 64-Bit Server VM (25.45-b02) for windows-amd64 JRE (1.8.0_45-b15), built on Apr 30 2015 12:40:44 by "java_re" with MS VC++ 10.0 (VS2010)

time: Sat Oct 17 19:05:06 2015
elapsed time: 3 seconds (0d 0h 0m 3s)

